<?xml version="1.0" encoding="UTF-8"?>
<testng-results ignored="0" total="1" passed="0" failed="1" skipped="0">
  <reporter-output>
  </reporter-output>
  <suite started-at="2024-12-15T18:05:45 IST" name="Default suite" finished-at="2024-12-15T18:05:53 IST" duration-ms="8122">
    <groups>
    </groups>
    <test started-at="2024-12-15T18:05:45 IST" name="Default test" finished-at="2024-12-15T18:05:53 IST" duration-ms="8122">
      <class name="test.CheckOutAndPayment">
        <test-method is-config="true" signature="reportInitilization()[pri:0, instance:test.CheckOutAndPayment@38afe297]" started-at="2024-12-15T18:05:44 IST" name="reportInitilization" finished-at="2024-12-15T18:05:45 IST" duration-ms="611" status="PASS">
          <reporter-output>
          </reporter-output>
        </test-method> <!-- reportInitilization -->
        <test-method is-config="true" signature="browserLanch()[pri:0, instance:test.CheckOutAndPayment@38afe297]" started-at="2024-12-15T18:05:45 IST" name="browserLanch" finished-at="2024-12-15T18:05:50 IST" duration-ms="5295" status="PASS">
          <reporter-output>
          </reporter-output>
        </test-method> <!-- browserLanch -->
        <test-method is-config="true" signature="setup()[pri:0, instance:test.CheckOutAndPayment@38afe297]" started-at="2024-12-15T18:05:50 IST" name="setup" finished-at="2024-12-15T18:05:50 IST" depends-on-methods="base.BaseBB.browserLanch" duration-ms="1" status="PASS">
          <reporter-output>
          </reporter-output>
        </test-method> <!-- setup -->
        <test-method is-config="true" signature="testDetails()[pri:0, instance:test.CheckOutAndPayment@38afe297]" started-at="2024-12-15T18:05:50 IST" name="testDetails" finished-at="2024-12-15T18:05:50 IST" duration-ms="16" status="PASS">
          <reporter-output>
          </reporter-output>
        </test-method> <!-- testDetails -->
        <test-method signature="checkOut(java.lang.String,java.lang.String)[pri:10, instance:test.CheckOutAndPayment@38afe297]" started-at="2024-12-15T18:05:53 IST" name="checkOut" data-provider="readData" finished-at="2024-12-15T18:05:53 IST" duration-ms="0" status="FAIL">
          <exception class="java.lang.RuntimeException">
            <message>
              <![CDATA[java.io.FileNotFoundException: C:\Users\RAMYA\eclipse-workspace\bestbuy\excelsheet\sample.xlsx (The process cannot access the file because it is being used by another process)]]>
            </message>
            <full-stacktrace>
              <![CDATA[java.lang.RuntimeException: java.io.FileNotFoundException: C:\Users\RAMYA\eclipse-workspace\bestbuy\excelsheet\sample.xlsx (The process cannot access the file because it is being used by another process)
at org.testng.internal.invokers.MethodInvocationHelper.invokeMethodNoCheckedException(MethodInvocationHelper.java:58)
at org.testng.internal.invokers.MethodInvocationHelper.invokeDataProvider(MethodInvocationHelper.java:159)
at org.testng.internal.Parameters.handleParameters(Parameters.java:809)
at org.testng.internal.Parameters.handleParameters(Parameters.java:734)
at org.testng.internal.invokers.ParameterHandler.handleParameters(ParameterHandler.java:72)
at org.testng.internal.invokers.ParameterHandler.createParameters(ParameterHandler.java:51)
at org.testng.internal.invokers.TestInvoker$MethodInvocationAgent.invoke(TestInvoker.java:946)
at org.testng.internal.invokers.TestInvoker.invokeTestMethods(TestInvoker.java:203)
at org.testng.internal.invokers.TestMethodWorker.invokeTestMethods(TestMethodWorker.java:154)
at org.testng.internal.invokers.TestMethodWorker.run(TestMethodWorker.java:134)
at java.base/java.util.ArrayList.forEach(ArrayList.java:1597)
at org.testng.TestRunner.privateRun(TestRunner.java:739)
at org.testng.TestRunner.run(TestRunner.java:614)
at org.testng.SuiteRunner.runTest(SuiteRunner.java:421)
at org.testng.SuiteRunner.runSequentially(SuiteRunner.java:413)
at org.testng.SuiteRunner.privateRun(SuiteRunner.java:373)
at org.testng.SuiteRunner.run(SuiteRunner.java:312)
at org.testng.SuiteRunnerWorker.runSuite(SuiteRunnerWorker.java:52)
at org.testng.SuiteRunnerWorker.run(SuiteRunnerWorker.java:95)
at org.testng.TestNG.runSuitesSequentially(TestNG.java:1274)
at org.testng.TestNG.runSuitesLocally(TestNG.java:1208)
at org.testng.TestNG.runSuites(TestNG.java:1112)
at org.testng.TestNG.run(TestNG.java:1079)
at org.testng.remote.AbstractRemoteTestNG.run(AbstractRemoteTestNG.java:115)
at org.testng.remote.RemoteTestNG.initAndRun(RemoteTestNG.java:293)
at org.testng.remote.RemoteTestNG.main(RemoteTestNG.java:91)
Caused by: java.io.FileNotFoundException: C:\Users\RAMYA\eclipse-workspace\bestbuy\excelsheet\sample.xlsx (The process cannot access the file because it is being used by another process)
at java.base/java.io.FileOutputStream.open0(Native Method)
at java.base/java.io.FileOutputStream.open(FileOutputStream.java:289)
at java.base/java.io.FileOutputStream.<init>(FileOutputStream.java:230)
at java.base/java.io.FileOutputStream.<init>(FileOutputStream.java:179)
at org.apache.poi.openxml4j.opc.internal.FileHelper.copyFile(FileHelper.java:65)
at org.apache.poi.openxml4j.opc.ZipPackage.closeImpl(ZipPackage.java:484)
at org.apache.poi.openxml4j.opc.OPCPackage.close(OPCPackage.java:502)
at org.apache.poi.ooxml.POIXMLDocument.close(POIXMLDocument.java:189)
at org.apache.poi.xssf.usermodel.XSSFWorkbook.close(XSSFWorkbook.java:642)
at utils.UtilsBB.readExcel(UtilsBB.java:62)
at base.BaseBB.readData(BaseBB.java:44)
at java.base/jdk.internal.reflect.DirectMethodHandleAccessor.invoke(DirectMethodHandleAccessor.java:103)
at java.base/java.lang.reflect.Method.invoke(Method.java:580)
at org.testng.internal.invokers.MethodInvocationHelper.invokeMethod(MethodInvocationHelper.java:141)
at org.testng.internal.invokers.MethodInvocationHelper.invokeMethod(MethodInvocationHelper.java:86)
at org.testng.internal.invokers.MethodInvocationHelper.invokeMethodNoCheckedException(MethodInvocationHelper.java:54)
... 25 more
]]>
            </full-stacktrace>
          </exception> <!-- java.lang.RuntimeException -->
          <reporter-output>
          </reporter-output>
        </test-method> <!-- checkOut -->
        <test-method is-config="true" signature="browserClose()[pri:0, instance:test.CheckOutAndPayment@38afe297]" started-at="2024-12-15T18:05:53 IST" name="browserClose" finished-at="2024-12-15T18:05:53 IST" duration-ms="314" status="PASS">
          <reporter-output>
          </reporter-output>
        </test-method> <!-- browserClose -->
        <test-method is-config="true" signature="reportClose()[pri:0, instance:test.CheckOutAndPayment@38afe297]" started-at="2024-12-15T18:05:53 IST" name="reportClose" finished-at="2024-12-15T18:05:54 IST" duration-ms="801" status="PASS">
          <reporter-output>
          </reporter-output>
        </test-method> <!-- reportClose -->
      </class> <!-- test.CheckOutAndPayment -->
    </test> <!-- Default test -->
  </suite> <!-- Default suite -->
</testng-results>
